/*C2*/SET SCHEMA PUBLIC
DELETE FROM "mendixsystem$version" WHERE "versionnumber"='4.2'
INSERT INTO "mendixsystem$version" VALUES('4.2','2024-12-01 12:33:23.323000','4.1.0','unversioned','RencarApp','9.19.0.55544')
COMMIT
/*C3*/SET SCHEMA PUBLIC
DELETE FROM "mendixsystem$entityidentifier" WHERE "id"='d4154981-8dac-4150-aec5-efa3ef62a7a2'
INSERT INTO "mendixsystem$entityidentifier" VALUES('d4154981-8dac-4150-aec5-efa3ef62a7a2',3,4901)
COMMIT
INSERT INTO "system$xasinstance" VALUES(844424930746526,'99ee24aa-d2de-40cb-8676-e7ed95ba68a3','2024-12-01 23:54:45.863000',NULL,NULL,NULL,'2024-12-01 23:54:45.859000')
COMMIT
DELETE FROM "system$userrole" WHERE "id"=11540474045137129
INSERT INTO "system$userrole" VALUES(11540474045137129,'8dd52bfa-6d7e-453b-b506-303c0a3d9567','Administrator','')
DELETE FROM "system$userrole" WHERE "id"=11540474045137263
INSERT INTO "system$userrole" VALUES(11540474045137263,'53f5d6fa-6da9-4a71-b011-454ec052cce8','User','')
DELETE FROM "system$userrole" WHERE "id"=11540474045162706
INSERT INTO "system$userrole" VALUES(11540474045162706,'095a3bd9-4071-4fca-bd65-cb014cf6c609','API','')
DELETE FROM "system$userrole" WHERE "id"=11540474045149871
INSERT INTO "system$userrole" VALUES(11540474045149871,'5761b995-4af4-4f7c-ab2d-0bab282e0447','Anonymous','')
COMMIT
/*C2*/DELETE FROM "system$user" WHERE "id"=11821949021847773
INSERT INTO "system$user" VALUES(11821949021847773,'demo_administrator','{BCrypt}$2a$10$QDnu9M1YRk3fmsro05e.JOPW9930dLlrF2uNSYrYnXa0H6e7WZiye',NULL,FALSE,NULL,TRUE,0,FALSE,FALSE,'2022-11-25 21:09:24.228000','2022-11-25 21:09:24.228000','Administration.Account',NULL,11821949021847773)
COMMIT
/*C3*/DELETE FROM "system$user" WHERE "id"=11821949021847835
INSERT INTO "system$user" VALUES(11821949021847835,'demo_user','{BCrypt}$2a$10$WmlpeMraKQvYCQj1.NJYMuO5cp5rthmoUgfKL0IgI3ooaooGF2QqO',NULL,FALSE,NULL,TRUE,0,FALSE,FALSE,'2022-11-25 21:09:24.490000','2022-11-25 21:09:24.490000','Administration.Account',NULL,11821949021847835)
COMMIT
DELETE FROM "mendixsystem$properties" WHERE "key"='Mendix.Runtime.DeploymentID'
INSERT INTO "mendixsystem$properties" VALUES('Mendix.Runtime.DeploymentID','638686832714290058')
COMMIT
DELETE FROM "system$session" WHERE "id"=6755399441632372
DELETE FROM "system$session_user" WHERE "system$sessionid"=6755399441632372 AND "system$userid"=281474976723646
COMMIT
DELETE FROM "mendixsystem$entityidentifier" WHERE "id"='c6c131c8-8779-4213-9b26-a64e141f26a8'
INSERT INTO "mendixsystem$entityidentifier" VALUES('c6c131c8-8779-4213-9b26-a64e141f26a8',15,7201)
COMMIT
ALTER SEQUENCE PUBLIC."system$queuedtask_sequence_mxseq" RESTART WITH 4264
INSERT INTO "system$queuedtask" VALUES(4222124651568796,4263,'Idle','59651013-f9bc-4fc1-b435-276439b07899','System.ScheduledEventsQueue','System',NULL,NULL,'ClusterManagement-PopulateFileDocumentSizes','[]',NULL,NULL,'2024-12-01 23:54:46.590000','2024-12-01 23:54:51.584000',NULL,0,'{"interval":3600000,"triesLeft":12,"type":"fixed"}',NULL,NULL)
COMMIT
DELETE FROM "system$queuedtask" WHERE "id"=4222124651567447
INSERT INTO "system$queuedtask" VALUES(4222124651567447,4255,'Idle','59651013-f9bc-4fc1-b435-276439b07899','System.ScheduledEventsQueue','ScheduledEvent',NULL,NULL,'ClusterManagement-MigrateOldFiles','[]',NULL,NULL,'2024-12-01 23:50:32.451000','2024-12-01 23:56:27.602000',NULL,0,NULL,'ClusterManagement-MigrateOldFiles',NULL)
DELETE FROM "system$queuedtask" WHERE "id"=4222124651556879
INSERT INTO "system$queuedtask" VALUES(4222124651556879,4173,'Idle','59651013-f9bc-4fc1-b435-276439b07899','System.ScheduledEventsQueue','ScheduledEvent',NULL,'MendixSSO.SE_DeleteExpiredTokens',NULL,'{}',NULL,NULL,'2024-12-01 23:00:00.296000','2024-12-02 00:00:00.000000',NULL,0,NULL,'MendixSSO.DeleteExpiredTokens',NULL)
DELETE FROM "system$queuedtask" WHERE "id"=4222124651567952
INSERT INTO "system$queuedtask" VALUES(4222124651567952,4260,'Idle','59651013-f9bc-4fc1-b435-276439b07899','System.ScheduledEventsQueue','ScheduledEvent',NULL,NULL,'ClusterManagement-CleanupTmpDocuments','[]',NULL,NULL,'2024-12-01 23:53:52.212000','2024-12-01 23:54:47.601000',NULL,0,NULL,'ClusterManagement-CleanupTmpDocuments',NULL)
DELETE FROM "system$queuedtask" WHERE "id"=4222124651567578
INSERT INTO "system$queuedtask" VALUES(4222124651567578,4256,'Idle','59651013-f9bc-4fc1-b435-276439b07899','System.ScheduledEventsQueue','ScheduledEvent',NULL,NULL,'ClusterManagement-CleanupOrphanedFiles','[]',NULL,NULL,'2024-12-01 23:52:12.260000','2024-12-01 23:58:07.602000',NULL,0,NULL,'ClusterManagement-CleanupOrphanedFiles',NULL)
DELETE FROM "system$queuedtask" WHERE "id"=4222124651393615
INSERT INTO "system$queuedtask" VALUES(4222124651393615,3695,'Idle','59651013-f9bc-4fc1-b435-276439b07899','System.ScheduledEventsQueue','ScheduledEvent',NULL,'DeepLink.ClearOldPendingLinks',NULL,'{}',NULL,NULL,'2023-01-05 00:00:00.742000','2024-12-02 00:00:00.000000',NULL,0,NULL,'DeepLink.CleanUp',NULL)
DELETE FROM "system$queuedtask" WHERE "id"=4222124651376994
INSERT INTO "system$queuedtask" VALUES(4222124651376994,3605,'Idle','59651013-f9bc-4fc1-b435-276439b07899','System.ScheduledEventsQueue','ScheduledEvent',NULL,'Rencar.Contract_NotifyClients',NULL,'{}',NULL,NULL,'2023-01-04 01:37:09.076000','2024-12-02 20:00:00.000000',NULL,0,NULL,'Rencar.SE_Contract_Reminder',NULL)
DELETE FROM "system$queuedtask" WHERE "id"=4222124651567700
INSERT INTO "system$queuedtask" VALUES(4222124651567700,4257,'Idle','59651013-f9bc-4fc1-b435-276439b07899','System.ScheduledEventsQueue','ScheduledEvent',NULL,NULL,'ClusterManagement-CleanupOfflineGUIDs','[]',NULL,NULL,'2024-12-01 23:53:52.212000','2024-12-01 23:54:47.602000',NULL,0,NULL,'ClusterManagement-CleanupOfflineGUIDs',NULL)
DELETE FROM "system$queuedtask" WHERE "id"=4222124651568188
INSERT INTO "system$queuedtask" VALUES(4222124651568188,4261,'Idle','59651013-f9bc-4fc1-b435-276439b07899','System.ScheduledEventsQueue','ScheduledEvent',NULL,NULL,'ClusterManagement-CleanupSessions','[]',NULL,NULL,'2024-12-01 23:53:52.213000','2024-12-01 23:54:47.602000',NULL,0,NULL,'ClusterManagement-CleanupSessions',NULL)
DELETE FROM "system$queuedtask" WHERE "id"=4222124651567793
INSERT INTO "system$queuedtask" VALUES(4222124651567793,4259,'Idle','59651013-f9bc-4fc1-b435-276439b07899','System.ScheduledEventsQueue','ScheduledEvent',NULL,NULL,'ClusterManagement-CleanupOfflineSyncHistory','[]',NULL,NULL,'2024-12-01 23:53:52.212000','2024-12-01 23:54:47.602000',NULL,0,NULL,'ClusterManagement-CleanupOfflineSyncHistory',NULL)
DELETE FROM "system$queuedtask" WHERE "id"=4222124650890622
INSERT INTO "system$queuedtask" VALUES(4222124650890622,1069,'Idle','59651013-f9bc-4fc1-b435-276439b07899','System.ScheduledEventsQueue','ScheduledEvent',NULL,'EmailTemplate.SE_Cleanup',NULL,'{}',NULL,NULL,'2022-11-30 02:02:06.239000','2024-12-06 01:00:00.000000',NULL,0,NULL,'EmailTemplate.Cleanup',NULL)
DELETE FROM "system$queuedtask" WHERE "id"=4222124651557050
INSERT INTO "system$queuedtask" VALUES(4222124651557050,4174,'Idle','59651013-f9bc-4fc1-b435-276439b07899','System.ScheduledEventsQueue','ScheduledEvent',NULL,'MendixSSO.SE_DeleteExpiredAuthRequests',NULL,'{}',NULL,NULL,'2024-12-01 23:00:00.296000','2024-12-02 00:00:00.000000',NULL,0,NULL,'MendixSSO.DeleteExpiredAuthRequests',NULL)
DELETE FROM "system$queuedtask" WHERE "id"=4222124651568294
INSERT INTO "system$queuedtask" VALUES(4222124651568294,4262,'Idle','59651013-f9bc-4fc1-b435-276439b07899','System.ScheduledEventsQueue','ScheduledEvent',NULL,NULL,'ClusterManagement-UnblockUsers','[]',NULL,NULL,'2024-12-01 23:53:56.247000','2024-12-01 23:54:51.602000',NULL,0,NULL,'ClusterManagement-UnblockUsers',NULL)
DELETE FROM "system$queuedtask" WHERE "id"=4222124651568011
INSERT INTO "system$queuedtask" VALUES(4222124651568011,4258,'Idle','59651013-f9bc-4fc1-b435-276439b07899','System.ScheduledEventsQueue','ScheduledEvent',NULL,NULL,'ClusterManagement-CleanupBackgroundJobs','[]',NULL,NULL,'2024-12-01 23:53:52.212000','2024-12-01 23:54:47.601000',NULL,0,NULL,'ClusterManagement-CleanupBackgroundJobs',NULL)
COMMIT
/*C4*/SET SCHEMA PUBLIC
DELETE FROM "system$user" WHERE "id"=281474976723646
INSERT INTO "system$user" VALUES(281474976723646,'MxAdmin','{BCrypt}$2a$10$eMFIe4UFhuxpNF1wBiBR3eQd323WBv1BtEbO6k0xxbgbWxE7m6EVi','2024-12-01 23:10:45.384000',FALSE,NULL,TRUE,0,FALSE,FALSE,'2022-11-25 21:09:27.231000','2022-11-25 21:09:27.231000','System.User',NULL,281474976723646)
COMMIT
DELETE FROM "mendixsystem$entityidentifier" WHERE "id"='282e2e60-88a5-469d-84a5-ba8d9151644f'
INSERT INTO "mendixsystem$entityidentifier" VALUES('282e2e60-88a5-469d-84a5-ba8d9151644f',1,4201)
COMMIT
INSERT INTO "system$user" VALUES(281474977235694,'Anonymous_6b252327-38f5-403c-84d7-0319165318d4','{BCrypt}$2a$10$zXlAO3yBPBIpuLmhOXni2eCrW9KDgRelO8WwAur1WZV1qlAxvoCai','2024-12-01 23:54:47.276000',FALSE,NULL,TRUE,0,FALSE,TRUE,'2024-12-01 23:54:47.228000','2024-12-01 23:54:47.228000','System.User',NULL,281474977235694)
INSERT INTO "system$userroles" VALUES(281474977235694,11540474045149871)
INSERT INTO "system$user_language" VALUES(281474977235694,16607023625941750)
COMMIT
DELETE FROM "system$user" WHERE "id"=281474977235694
INSERT INTO "system$user" VALUES(281474977235694,'Anonymous_6b252327-38f5-403c-84d7-0319165318d4','{BCrypt}$2a$10$zXlAO3yBPBIpuLmhOXni2eCrW9KDgRelO8WwAur1WZV1qlAxvoCai','2024-12-01 23:54:47.284000',FALSE,NULL,TRUE,0,FALSE,TRUE,'2024-12-01 23:54:47.228000','2024-12-01 23:54:47.228000','System.User',NULL,281474977235694)
COMMIT
/*C2*/DELETE FROM "mendixsystem$entityidentifier" WHERE "id"='37f9fd49-5318-4c63-9a51-f761779b202f'
INSERT INTO "mendixsystem$entityidentifier" VALUES('37f9fd49-5318-4c63-9a51-f761779b202f',24,4701)
COMMIT
INSERT INTO "system$session" VALUES(6755399441644746,'b82a5bab-cda8-4296-bf37-50c55e8db75c','d0f4f994-530d-47f5-bc70-6c6d74b1a097','2024-12-01 23:54:47.306000',FALSE,'d021bd23-c14f-47d6-88ef-d90e71af1a6a',NULL,'2024-12-01 23:54:47.306000')
INSERT INTO "system$session_user" VALUES(6755399441644746,281474977235694)
COMMIT
DELETE FROM "system$session" WHERE "id"=6755399441644746
INSERT INTO "system$session" VALUES(6755399441644746,'b82a5bab-cda8-4296-bf37-50c55e8db75c','d0f4f994-530d-47f5-bc70-6c6d74b1a097','2024-12-01 23:54:47.312000',FALSE,'d021bd23-c14f-47d6-88ef-d90e71af1a6a',NULL,'2024-12-01 23:54:47.306000')
COMMIT
/*C4*/DELETE FROM "system$xasinstance" WHERE "id"=844424930746526
INSERT INTO "system$xasinstance" VALUES(844424930746526,'99ee24aa-d2de-40cb-8676-e7ed95ba68a3','2024-12-01 23:54:47.589000',NULL,NULL,NULL,'2024-12-01 23:54:45.859000')
COMMIT
/*C2*/DELETE FROM "system$queuedtask" WHERE "id"=4222124651567700
DELETE FROM "system$queuedtask" WHERE "id"=4222124651568011
DELETE FROM "system$queuedtask" WHERE "id"=4222124651567793
DELETE FROM "system$queuedtask" WHERE "id"=4222124651567952
DELETE FROM "system$queuedtask" WHERE "id"=4222124651568188
INSERT INTO "system$queuedtask" VALUES(4222124651567700,4257,'Running','59651013-f9bc-4fc1-b435-276439b07899','System.ScheduledEventsQueue','ScheduledEvent',NULL,NULL,'ClusterManagement-CleanupOfflineGUIDs','[]','99ee24aa-d2de-40cb-8676-e7ed95ba68a3',53,'2024-12-01 23:53:52.212000','2024-12-01 23:54:47.602000','2024-12-01 23:54:48.078000',0,NULL,'ClusterManagement-CleanupOfflineGUIDs',NULL)
INSERT INTO "system$queuedtask" VALUES(4222124651568011,4258,'Running','59651013-f9bc-4fc1-b435-276439b07899','System.ScheduledEventsQueue','ScheduledEvent',NULL,NULL,'ClusterManagement-CleanupBackgroundJobs','[]','99ee24aa-d2de-40cb-8676-e7ed95ba68a3',53,'2024-12-01 23:53:52.212000','2024-12-01 23:54:47.601000','2024-12-01 23:54:48.079000',0,NULL,'ClusterManagement-CleanupBackgroundJobs',NULL)
INSERT INTO "system$queuedtask" VALUES(4222124651567793,4259,'Running','59651013-f9bc-4fc1-b435-276439b07899','System.ScheduledEventsQueue','ScheduledEvent',NULL,NULL,'ClusterManagement-CleanupOfflineSyncHistory','[]','99ee24aa-d2de-40cb-8676-e7ed95ba68a3',53,'2024-12-01 23:53:52.212000','2024-12-01 23:54:47.602000','2024-12-01 23:54:48.079000',0,NULL,'ClusterManagement-CleanupOfflineSyncHistory',NULL)
INSERT INTO "system$queuedtask" VALUES(4222124651567952,4260,'Running','59651013-f9bc-4fc1-b435-276439b07899','System.ScheduledEventsQueue','ScheduledEvent',NULL,NULL,'ClusterManagement-CleanupTmpDocuments','[]','99ee24aa-d2de-40cb-8676-e7ed95ba68a3',53,'2024-12-01 23:53:52.212000','2024-12-01 23:54:47.601000','2024-12-01 23:54:48.080000',0,NULL,'ClusterManagement-CleanupTmpDocuments',NULL)
INSERT INTO "system$queuedtask" VALUES(4222124651568188,4261,'Running','59651013-f9bc-4fc1-b435-276439b07899','System.ScheduledEventsQueue','ScheduledEvent',NULL,NULL,'ClusterManagement-CleanupSessions','[]','99ee24aa-d2de-40cb-8676-e7ed95ba68a3',53,'2024-12-01 23:53:52.213000','2024-12-01 23:54:47.602000','2024-12-01 23:54:48.080000',0,NULL,'ClusterManagement-CleanupSessions',NULL)
COMMIT
ALTER SEQUENCE PUBLIC."system$queuedtask_sequence_mxseq" RESTART WITH 4269
/*C4*/ALTER SEQUENCE PUBLIC."system$queuedtask_sequence_mxseq" RESTART WITH 4269
/*C3*/ALTER SEQUENCE PUBLIC."system$queuedtask_sequence_mxseq" RESTART WITH 4269
/*C7*/SET SCHEMA PUBLIC
DELETE FROM "mendixsystem$entityidentifier" WHERE "id"='eb5c32a1-85ec-49d1-8bca-ecca779cd539'
INSERT INTO "mendixsystem$entityidentifier" VALUES('eb5c32a1-85ec-49d1-8bca-ecca779cd539',55,7201)
COMMIT
/*C4*/INSERT INTO "system$queuedtask" VALUES(4222124651569274,4265,'Idle','59651013-f9bc-4fc1-b435-276439b07899','System.ScheduledEventsQueue','ScheduledEvent',NULL,NULL,'ClusterManagement-CleanupTmpDocuments','[]',NULL,NULL,'2024-12-01 23:54:48.096000','2024-12-01 23:59:47.601000',NULL,0,NULL,'ClusterManagement-CleanupTmpDocuments',NULL)
INSERT INTO "system$processedqueuetask" VALUES(15481123719995530,4260,'Completed','59651013-f9bc-4fc1-b435-276439b07899','System.ScheduledEventsQueue','ScheduledEvent',NULL,NULL,'ClusterManagement-CleanupTmpDocuments','[]','99ee24aa-d2de-40cb-8676-e7ed95ba68a3',53,'2024-12-01 23:53:52.212000','2024-12-01 23:54:47.601000','2024-12-01 23:54:48.080000','2024-12-01 23:54:48.102000',22,0,NULL,'ClusterManagement-CleanupTmpDocuments',NULL)
DELETE FROM "system$queuedtask" WHERE "id"=4222124651567952
COMMIT
/*C2*/INSERT INTO "system$queuedtask" VALUES(4222124651569520,4268,'Idle','59651013-f9bc-4fc1-b435-276439b07899','System.ScheduledEventsQueue','ScheduledEvent',NULL,NULL,'ClusterManagement-CleanupOfflineGUIDs','[]',NULL,NULL,'2024-12-01 23:54:48.096000','2024-12-01 23:59:47.602000',NULL,0,NULL,'ClusterManagement-CleanupOfflineGUIDs',NULL)
INSERT INTO "system$processedqueuetask" VALUES(15481123719995036,4257,'Completed','59651013-f9bc-4fc1-b435-276439b07899','System.ScheduledEventsQueue','ScheduledEvent',NULL,NULL,'ClusterManagement-CleanupOfflineGUIDs','[]','99ee24aa-d2de-40cb-8676-e7ed95ba68a3',53,'2024-12-01 23:53:52.212000','2024-12-01 23:54:47.602000','2024-12-01 23:54:48.078000','2024-12-01 23:54:48.102000',24,0,NULL,'ClusterManagement-CleanupOfflineGUIDs',NULL)
DELETE FROM "system$queuedtask" WHERE "id"=4222124651567700
COMMIT
/*C5*/SET SCHEMA PUBLIC
INSERT INTO "system$queuedtask" VALUES(4222124651569130,4266,'Idle','59651013-f9bc-4fc1-b435-276439b07899','System.ScheduledEventsQueue','ScheduledEvent',NULL,NULL,'ClusterManagement-CleanupOfflineSyncHistory','[]',NULL,NULL,'2024-12-01 23:54:48.096000','2024-12-01 23:59:47.602000',NULL,0,NULL,'ClusterManagement-CleanupOfflineSyncHistory',NULL)
INSERT INTO "system$processedqueuetask" VALUES(15481123719995418,4259,'Completed','59651013-f9bc-4fc1-b435-276439b07899','System.ScheduledEventsQueue','ScheduledEvent',NULL,NULL,'ClusterManagement-CleanupOfflineSyncHistory','[]','99ee24aa-d2de-40cb-8676-e7ed95ba68a3',53,'2024-12-01 23:53:52.212000','2024-12-01 23:54:47.602000','2024-12-01 23:54:48.079000','2024-12-01 23:54:48.102000',23,0,NULL,'ClusterManagement-CleanupOfflineSyncHistory',NULL)
DELETE FROM "system$queuedtask" WHERE "id"=4222124651567793
COMMIT
/*C3*/INSERT INTO "system$queuedtask" VALUES(4222124651568939,4264,'Idle','59651013-f9bc-4fc1-b435-276439b07899','System.ScheduledEventsQueue','ScheduledEvent',NULL,NULL,'ClusterManagement-CleanupBackgroundJobs','[]',NULL,NULL,'2024-12-01 23:54:48.096000','2024-12-01 23:59:47.601000',NULL,0,NULL,'ClusterManagement-CleanupBackgroundJobs',NULL)
INSERT INTO "system$processedqueuetask" VALUES(15481123719995203,4258,'Completed','59651013-f9bc-4fc1-b435-276439b07899','System.ScheduledEventsQueue','ScheduledEvent',NULL,NULL,'ClusterManagement-CleanupBackgroundJobs','[]','99ee24aa-d2de-40cb-8676-e7ed95ba68a3',53,'2024-12-01 23:53:52.212000','2024-12-01 23:54:47.601000','2024-12-01 23:54:48.079000','2024-12-01 23:54:48.102000',23,0,NULL,'ClusterManagement-CleanupBackgroundJobs',NULL)
DELETE FROM "system$queuedtask" WHERE "id"=4222124651568011
COMMIT
/*C6*/SET SCHEMA PUBLIC
INSERT INTO "system$queuedtask" VALUES(4222124651569392,4267,'Idle','59651013-f9bc-4fc1-b435-276439b07899','System.ScheduledEventsQueue','ScheduledEvent',NULL,NULL,'ClusterManagement-CleanupSessions','[]',NULL,NULL,'2024-12-01 23:54:48.096000','2024-12-01 23:59:47.602000',NULL,0,NULL,'ClusterManagement-CleanupSessions',NULL)
INSERT INTO "system$processedqueuetask" VALUES(15481123719995350,4261,'Completed','59651013-f9bc-4fc1-b435-276439b07899','System.ScheduledEventsQueue','ScheduledEvent',NULL,NULL,'ClusterManagement-CleanupSessions','[]','99ee24aa-d2de-40cb-8676-e7ed95ba68a3',53,'2024-12-01 23:53:52.213000','2024-12-01 23:54:47.602000','2024-12-01 23:54:48.080000','2024-12-01 23:54:48.102000',22,0,NULL,'ClusterManagement-CleanupSessions',NULL)
DELETE FROM "system$queuedtask" WHERE "id"=4222124651568188
COMMIT
/*C3*/DELETE FROM "system$queuedtask" WHERE "id"=4222124651568294
DELETE FROM "system$queuedtask" WHERE "id"=4222124651568796
INSERT INTO "system$queuedtask" VALUES(4222124651568294,4262,'Running','59651013-f9bc-4fc1-b435-276439b07899','System.ScheduledEventsQueue','ScheduledEvent',NULL,NULL,'ClusterManagement-UnblockUsers','[]','99ee24aa-d2de-40cb-8676-e7ed95ba68a3',53,'2024-12-01 23:53:56.247000','2024-12-01 23:54:51.602000','2024-12-01 23:54:52.168000',0,NULL,'ClusterManagement-UnblockUsers',NULL)
INSERT INTO "system$queuedtask" VALUES(4222124651568796,4263,'Running','59651013-f9bc-4fc1-b435-276439b07899','System.ScheduledEventsQueue','System',NULL,NULL,'ClusterManagement-PopulateFileDocumentSizes','[]','99ee24aa-d2de-40cb-8676-e7ed95ba68a3',53,'2024-12-01 23:54:46.590000','2024-12-01 23:54:51.584000','2024-12-01 23:54:52.168000',0,'{"interval":3600000,"triesLeft":12,"type":"fixed"}',NULL,NULL)
COMMIT
/*C6*/ALTER SEQUENCE PUBLIC."system$queuedtask_sequence_mxseq" RESTART WITH 4270
INSERT INTO "system$processedqueuetask" VALUES(15481123719995701,4263,'Completed','59651013-f9bc-4fc1-b435-276439b07899','System.ScheduledEventsQueue','System',NULL,NULL,'ClusterManagement-PopulateFileDocumentSizes','[]','99ee24aa-d2de-40cb-8676-e7ed95ba68a3',53,'2024-12-01 23:54:46.590000','2024-12-01 23:54:51.584000','2024-12-01 23:54:52.168000','2024-12-01 23:54:52.175000',7,0,NULL,NULL,NULL)
DELETE FROM "system$queuedtask" WHERE "id"=4222124651568796
COMMIT
/*C3*/INSERT INTO "system$queuedtask" VALUES(4222124651569573,4269,'Idle','59651013-f9bc-4fc1-b435-276439b07899','System.ScheduledEventsQueue','ScheduledEvent',NULL,NULL,'ClusterManagement-UnblockUsers','[]',NULL,NULL,'2024-12-01 23:54:52.175000','2024-12-01 23:59:51.602000',NULL,0,NULL,'ClusterManagement-UnblockUsers',NULL)
INSERT INTO "system$processedqueuetask" VALUES(15481123719995776,4262,'Completed','59651013-f9bc-4fc1-b435-276439b07899','System.ScheduledEventsQueue','ScheduledEvent',NULL,NULL,'ClusterManagement-UnblockUsers','[]','99ee24aa-d2de-40cb-8676-e7ed95ba68a3',53,'2024-12-01 23:53:56.247000','2024-12-01 23:54:51.602000','2024-12-01 23:54:52.168000','2024-12-01 23:54:52.175000',7,0,NULL,'ClusterManagement-UnblockUsers',NULL)
DELETE FROM "system$queuedtask" WHERE "id"=4222124651568294
COMMIT
/*C5*/DELETE FROM "system$user" WHERE "id"=281474976723646
INSERT INTO "system$user" VALUES(281474976723646,'MxAdmin','{BCrypt}$2a$10$eMFIe4UFhuxpNF1wBiBR3eQd323WBv1BtEbO6k0xxbgbWxE7m6EVi','2024-12-01 23:54:52.450000',FALSE,NULL,TRUE,0,FALSE,FALSE,'2022-11-25 21:09:27.231000','2022-11-25 21:09:27.231000','System.User',NULL,281474976723646)
COMMIT
DELETE FROM "system$session_user" WHERE "system$sessionid"=6755399441644746 AND "system$userid"=281474977235694
INSERT INTO "system$session_user" VALUES(6755399441644746,281474976723646)
COMMIT
/*C3*/DELETE FROM "system$user" WHERE "id"=281474977235694
DELETE FROM "system$userroles" WHERE "system$userid"=281474977235694 AND "system$userroleid"=11540474045149871
DELETE FROM "system$user_language" WHERE "system$userid"=281474977235694 AND "system$languageid"=16607023625941750
COMMIT
DELETE FROM "system$session" WHERE "id"=6755399441644746
INSERT INTO "system$session" VALUES(6755399441644746,'844d8efc-de56-4808-906b-3a9924dc76f5','d0f4f994-530d-47f5-bc70-6c6d74b1a097','2024-12-01 23:54:47.312000',FALSE,'d021bd23-c14f-47d6-88ef-d90e71af1a6a',NULL,'2024-12-01 23:54:47.306000')
COMMIT
DELETE FROM "system$session" WHERE "id"=6755399441644746
INSERT INTO "system$session" VALUES(6755399441644746,'844d8efc-de56-4808-906b-3a9924dc76f5','d0f4f994-530d-47f5-bc70-6c6d74b1a097','2024-12-01 23:54:52.514000',FALSE,'d021bd23-c14f-47d6-88ef-d90e71af1a6a',NULL,'2024-12-01 23:54:47.306000')
COMMIT
/*C6*/DELETE FROM "rencar$contractsearch" WHERE "id"=41939771529887888
INSERT INTO "rencar$contractsearch" VALUES(41939771529887888,'2024-12-01 03:00:00.000000','2025-01-01 02:59:59.999000',281474976723646)
COMMIT
/*C5*/DELETE FROM "masterdata$vehicle" WHERE "id"=17732923532810709
INSERT INTO "masterdata$vehicle" VALUES(17732923532810709,'Supra','2022-01-01 03:00:00.000000','Gray',700.00000000,FALSE,'2024-12-01 23:51:26.252000','2024-12-01 23:55:10.767000',281474976723646,281474976723646,'MasterData.Vehicle')
COMMIT
DELETE FROM "masterdata$vehicleunit" WHERE "id"=18014398509494954
INSERT INTO "masterdata$vehicleunit" VALUES(18014398509494954,'ASD-1234','2022-12-10 21:08:42.786000','2024-12-01 23:55:32.089000',281474976723646,281474976723646)
INSERT INTO "masterdata$vehicleunit_vehicle" VALUES(18014398509494954,17732923532809931)
COMMIT
/*C3*/DELETE FROM "masterdata$vehicleunit" WHERE "id"=18014398509495248
INSERT INTO "masterdata$vehicleunit" VALUES(18014398509495248,'QWE-1234','2022-12-10 21:09:18.911000','2024-12-01 23:55:37.904000',281474976723646,281474976723646)
INSERT INTO "masterdata$vehicleunit_vehicle" VALUES(18014398509495248,17732923532810013)
COMMIT
DELETE FROM "masterdata$vehicleunit" WHERE "id"=18014398509482136
INSERT INTO "masterdata$vehicleunit" VALUES(18014398509482136,'ABC-1234','2022-11-29 22:45:29.614000','2024-12-01 23:55:44.443000',281474976723646,281474976723646)
DELETE FROM "masterdata$vehicleunit_vehicle" WHERE "masterdata$vehicleunitid"=18014398509482136 AND "masterdata$vehicleid"=17732923532771556
INSERT INTO "masterdata$vehicleunit_vehicle" VALUES(18014398509482136,17732923532809931)
COMMIT
/*C5*/DELETE FROM "masterdata$vehicleunit" WHERE "id"=18014398509494954
INSERT INTO "masterdata$vehicleunit" VALUES(18014398509494954,'ASD-1234','2022-12-10 21:08:42.786000','2024-12-01 23:55:48.345000',281474976723646,281474976723646)
DELETE FROM "masterdata$vehicleunit_vehicle" WHERE "masterdata$vehicleunitid"=18014398509494954 AND "masterdata$vehicleid"=17732923532809931
INSERT INTO "masterdata$vehicleunit_vehicle" VALUES(18014398509494954,17732923532810013)
COMMIT
/*C3*/DELETE FROM "masterdata$vehicleunit" WHERE "id"=18014398509495248
INSERT INTO "masterdata$vehicleunit" VALUES(18014398509495248,'QWE-1234','2022-12-10 21:09:18.911000','2024-12-01 23:55:52.589000',281474976723646,281474976723646)
DELETE FROM "masterdata$vehicleunit_vehicle" WHERE "masterdata$vehicleunitid"=18014398509495248 AND "masterdata$vehicleid"=17732923532810013
INSERT INTO "masterdata$vehicleunit_vehicle" VALUES(18014398509495248,17732923532810144)
COMMIT
/*C5*/DELETE FROM "masterdata$vehicleunit" WHERE "id"=18014398509495314
INSERT INTO "masterdata$vehicleunit" VALUES(18014398509495314,'ZXC-1234','2022-12-10 21:09:31.999000','2024-12-01 23:55:58.207000',281474976723646,281474976723646)
INSERT INTO "masterdata$vehicleunit_vehicle" VALUES(18014398509495314,17732923532810240)
COMMIT
/*C3*/DELETE FROM "masterdata$vehicleunit" WHERE "id"=18014398509495435
INSERT INTO "masterdata$vehicleunit" VALUES(18014398509495435,'POI-4561','2022-12-10 21:09:44.104000','2024-12-01 23:56:03.908000',281474976723646,281474976723646)
INSERT INTO "masterdata$vehicleunit_vehicle" VALUES(18014398509495435,17732923532810769)
COMMIT
DELETE FROM "masterdata$vehicleunit" WHERE "id"=18014398509495601
INSERT INTO "masterdata$vehicleunit" VALUES(18014398509495601,'LKJ-4567','2022-12-10 21:10:04.688000','2024-12-01 23:56:10.639000',281474976723646,281474976723646)
INSERT INTO "masterdata$vehicleunit_vehicle" VALUES(18014398509495601,17732923532810373)
COMMIT
DELETE FROM "mendixsystem$entityidentifier" WHERE "id"='e26a3b3b-2ba7-489c-82b9-fb96f731c9de'
INSERT INTO "mendixsystem$entityidentifier" VALUES('e26a3b3b-2ba7-489c-82b9-fb96f731c9de',64,301)
COMMIT
/*C5*/INSERT INTO "masterdata$vehicleunit" VALUES(18014398509507824,'KFH-2846','2024-12-01 23:56:12.610000','2024-12-01 23:56:26.062000',281474976723646,281474976723646)
INSERT INTO "masterdata$vehicleunit_vehicle" VALUES(18014398509507824,17732923532810584)
COMMIT
DELETE FROM "system$session" WHERE "id"=6755399441644746
INSERT INTO "system$session" VALUES(6755399441644746,'844d8efc-de56-4808-906b-3a9924dc76f5','d0f4f994-530d-47f5-bc70-6c6d74b1a097','2024-12-01 23:56:26.070000',FALSE,'d021bd23-c14f-47d6-88ef-d90e71af1a6a',NULL,'2024-12-01 23:54:47.306000')
COMMIT
DELETE FROM "system$queuedtask" WHERE "id"=4222124651567447
INSERT INTO "system$queuedtask" VALUES(4222124651567447,4255,'Running','59651013-f9bc-4fc1-b435-276439b07899','System.ScheduledEventsQueue','ScheduledEvent',NULL,NULL,'ClusterManagement-MigrateOldFiles','[]','99ee24aa-d2de-40cb-8676-e7ed95ba68a3',53,'2024-12-01 23:50:32.451000','2024-12-01 23:56:27.602000','2024-12-01 23:56:28.072000',0,NULL,'ClusterManagement-MigrateOldFiles',NULL)
COMMIT
ALTER SEQUENCE PUBLIC."system$queuedtask_sequence_mxseq" RESTART WITH 4271
INSERT INTO "system$queuedtask" VALUES(4222124651569687,4270,'Idle','59651013-f9bc-4fc1-b435-276439b07899','System.ScheduledEventsQueue','ScheduledEvent',NULL,NULL,'ClusterManagement-MigrateOldFiles','[]',NULL,NULL,'2024-12-01 23:56:28.076000','2024-12-02 00:01:27.602000',NULL,0,NULL,'ClusterManagement-MigrateOldFiles',NULL)
INSERT INTO "system$processedqueuetask" VALUES(15481123719995963,4255,'Completed','59651013-f9bc-4fc1-b435-276439b07899','System.ScheduledEventsQueue','ScheduledEvent',NULL,NULL,'ClusterManagement-MigrateOldFiles','[]','99ee24aa-d2de-40cb-8676-e7ed95ba68a3',53,'2024-12-01 23:50:32.451000','2024-12-01 23:56:27.602000','2024-12-01 23:56:28.072000','2024-12-01 23:56:28.076000',4,0,NULL,'ClusterManagement-MigrateOldFiles',NULL)
DELETE FROM "system$queuedtask" WHERE "id"=4222124651567447
COMMIT
/*C3*/INSERT INTO "masterdata$vehicleunit" VALUES(18014398509507871,'KWJ-2945','2024-12-01 23:56:28.224000','2024-12-01 23:56:43.015000',281474976723646,281474976723646)
INSERT INTO "masterdata$vehicleunit_vehicle" VALUES(18014398509507871,43065671436730614)
COMMIT
INSERT INTO "masterdata$vehicleunit" VALUES(18014398509508071,'LQH-2394','2024-12-01 23:56:44.075000','2024-12-01 23:56:59.399000',281474976723646,281474976723646)
INSERT INTO "masterdata$vehicleunit_vehicle" VALUES(18014398509508071,17732923532784269)
COMMIT
INSERT INTO "masterdata$vehicleunit" VALUES(18014398509508144,'AKD-1234','2024-12-01 23:57:01.090000','2024-12-01 23:57:17.103000',281474976723646,281474976723646)
INSERT INTO "masterdata$vehicleunit_vehicle" VALUES(18014398509508144,17732923532810709)
COMMIT
/*C5*/INSERT INTO "masterdata$vehicleunit" VALUES(18014398509508330,'PEK-2038','2024-12-01 23:57:18.505000','2024-12-01 23:57:38.852000',281474976723646,281474976723646)
INSERT INTO "masterdata$vehicleunit_vehicle" VALUES(18014398509508330,43065671436730697)
COMMIT
INSERT INTO "masterdata$vehicleunit" VALUES(18014398509508394,'PPO-7783','2024-12-01 23:57:40.078000','2024-12-01 23:57:53.324000',281474976723646,281474976723646)
INSERT INTO "masterdata$vehicleunit_vehicle" VALUES(18014398509508394,17732923532771556)
COMMIT
/*C3*/DELETE FROM "mendixsystem$entityidentifier" WHERE "id"='001f86aa-8e8d-49a0-83d0-c8c086d8c33d'
INSERT INTO "mendixsystem$entityidentifier" VALUES('001f86aa-8e8d-49a0-83d0-c8c086d8c33d',151,401)
COMMIT
DELETE FROM "mendixsystem$entityidentifier" WHERE "id"='853bdb8f-c492-48ee-b1ff-b676809a9f41'
INSERT INTO "mendixsystem$entityidentifier" VALUES('853bdb8f-c492-48ee-b1ff-b676809a9f41',152,401)
COMMIT
DELETE FROM "mendixsystem$entityidentifier" WHERE "id"='67c28960-7a7a-11e6-bdf4-0800200c9a66'
INSERT INTO "mendixsystem$entityidentifier" VALUES('67c28960-7a7a-11e6-bdf4-0800200c9a66',26,1001)
COMMIT
/*C5*/DELETE FROM "rencar$dashboardhelper" WHERE "id"=42221246506598562
INSERT INTO "rencar$dashboardhelper" VALUES(42221246506598562,'2024-12-01 03:00:00.000000',4,0,0,281474976723646,0,0,12)
DELETE FROM "rencar$series" WHERE "id"=42502721483334869
DELETE FROM "rencar$value_series" WHERE "rencar$valueid"=42784196460045468 AND "rencar$seriesid"=42502721483334869
DELETE FROM "rencar$value_series" WHERE "rencar$valueid"=42784196460045609 AND "rencar$seriesid"=42502721483334869
DELETE FROM "rencar$value_series" WHERE "rencar$valueid"=42784196460045759 AND "rencar$seriesid"=42502721483334869
DELETE FROM "rencar$value" WHERE "id"=42784196460045468
DELETE FROM "rencar$value" WHERE "id"=42784196460045609
DELETE FROM "rencar$value" WHERE "id"=42784196460045759
DELETE FROM "rencar$value_dashboardhelper" WHERE "rencar$valueid"=42784196460045468 AND "rencar$dashboardhelperid"=42221246506598562
DELETE FROM "rencar$value_dashboardhelper" WHERE "rencar$valueid"=42784196460045609 AND "rencar$dashboardhelperid"=42221246506598562
DELETE FROM "rencar$value_dashboardhelper" WHERE "rencar$valueid"=42784196460045759 AND "rencar$dashboardhelperid"=42221246506598562
INSERT INTO "rencar$value" VALUES(42784196460058285,'ASX',2,20)
INSERT INTO "rencar$value" VALUES(42784196460058440,'Eclipse',1,10)
INSERT INTO "rencar$value" VALUES(42784196460058595,'Lancer EVO',1,10)
INSERT INTO "rencar$value_series" VALUES(42784196460058285,42502721483347670)
INSERT INTO "rencar$value_series" VALUES(42784196460058440,42502721483347670)
INSERT INTO "rencar$value_series" VALUES(42784196460058595,42502721483347670)
INSERT INTO "rencar$value_dashboardhelper" VALUES(42784196460058285,42221246506598562)
INSERT INTO "rencar$value_dashboardhelper" VALUES(42784196460058440,42221246506598562)
INSERT INTO "rencar$value_dashboardhelper" VALUES(42784196460058595,42221246506598562)
INSERT INTO "rencar$series" VALUES(42502721483347670,'Completed','#3cb33d')
INSERT INTO "rencar$series" VALUES(42502721483347769,'Running','#1c4a94')
INSERT INTO "rencar$series" VALUES(42502721483347845,'Reserved','#eca51c')
COMMIT
/*C3*/DELETE FROM "system$session" WHERE "id"=6755399441644746
INSERT INTO "system$session" VALUES(6755399441644746,'844d8efc-de56-4808-906b-3a9924dc76f5','d0f4f994-530d-47f5-bc70-6c6d74b1a097','2024-12-01 23:58:01.741000',FALSE,'d021bd23-c14f-47d6-88ef-d90e71af1a6a',NULL,'2024-12-01 23:54:47.306000')
COMMIT
DELETE FROM "system$queuedtask" WHERE "id"=4222124651567578
INSERT INTO "system$queuedtask" VALUES(4222124651567578,4256,'Running','59651013-f9bc-4fc1-b435-276439b07899','System.ScheduledEventsQueue','ScheduledEvent',NULL,NULL,'ClusterManagement-CleanupOrphanedFiles','[]','99ee24aa-d2de-40cb-8676-e7ed95ba68a3',53,'2024-12-01 23:52:12.260000','2024-12-01 23:58:07.602000','2024-12-01 23:58:07.876000',0,NULL,'ClusterManagement-CleanupOrphanedFiles',NULL)
COMMIT
ALTER SEQUENCE PUBLIC."system$queuedtask_sequence_mxseq" RESTART WITH 4272
INSERT INTO "system$queuedtask" VALUES(4222124651569912,4271,'Idle','59651013-f9bc-4fc1-b435-276439b07899','System.ScheduledEventsQueue','ScheduledEvent',NULL,NULL,'ClusterManagement-CleanupOrphanedFiles','[]',NULL,NULL,'2024-12-01 23:58:07.880000','2024-12-02 00:03:07.602000',NULL,0,NULL,'ClusterManagement-CleanupOrphanedFiles',NULL)
INSERT INTO "system$processedqueuetask" VALUES(15481123719996158,4256,'Completed','59651013-f9bc-4fc1-b435-276439b07899','System.ScheduledEventsQueue','ScheduledEvent',NULL,NULL,'ClusterManagement-CleanupOrphanedFiles','[]','99ee24aa-d2de-40cb-8676-e7ed95ba68a3',53,'2024-12-01 23:52:12.260000','2024-12-01 23:58:07.602000','2024-12-01 23:58:07.876000','2024-12-01 23:58:07.880000',4,0,NULL,'ClusterManagement-CleanupOrphanedFiles',NULL)
DELETE FROM "system$queuedtask" WHERE "id"=4222124651567578
COMMIT
/*C2*/DELETE FROM "rencar$contractsearch" WHERE "id"=41939771529887888
INSERT INTO "rencar$contractsearch" VALUES(41939771529887888,'2024-12-01 03:00:00.000000','2025-01-01 02:59:59.999000',281474976723646)
COMMIT
/*C4*/DELETE FROM "system$session" WHERE "id"=6755399441644746
INSERT INTO "system$session" VALUES(6755399441644746,'844d8efc-de56-4808-906b-3a9924dc76f5','d0f4f994-530d-47f5-bc70-6c6d74b1a097','2024-12-01 23:58:09.024000',FALSE,'d021bd23-c14f-47d6-88ef-d90e71af1a6a',NULL,'2024-12-01 23:54:47.306000')
COMMIT
/*C5*/DELETE FROM "system$xasinstance" WHERE "id"=844424930746526
INSERT INTO "system$xasinstance" VALUES(844424930746526,'99ee24aa-d2de-40cb-8676-e7ed95ba68a3','2024-12-01 23:59:47.593000',NULL,NULL,NULL,'2024-12-01 23:54:45.859000')
COMMIT
/*C4*/DELETE FROM "system$queuedtask" WHERE "id"=4222124651568939
DELETE FROM "system$queuedtask" WHERE "id"=4222124651569274
DELETE FROM "system$queuedtask" WHERE "id"=4222124651569130
DELETE FROM "system$queuedtask" WHERE "id"=4222124651569392
DELETE FROM "system$queuedtask" WHERE "id"=4222124651569520
INSERT INTO "system$queuedtask" VALUES(4222124651568939,4264,'Running','59651013-f9bc-4fc1-b435-276439b07899','System.ScheduledEventsQueue','ScheduledEvent',NULL,NULL,'ClusterManagement-CleanupBackgroundJobs','[]','99ee24aa-d2de-40cb-8676-e7ed95ba68a3',53,'2024-12-01 23:54:48.096000','2024-12-01 23:59:47.601000','2024-12-01 23:59:47.657000',0,NULL,'ClusterManagement-CleanupBackgroundJobs',NULL)
INSERT INTO "system$queuedtask" VALUES(4222124651569274,4265,'Running','59651013-f9bc-4fc1-b435-276439b07899','System.ScheduledEventsQueue','ScheduledEvent',NULL,NULL,'ClusterManagement-CleanupTmpDocuments','[]','99ee24aa-d2de-40cb-8676-e7ed95ba68a3',53,'2024-12-01 23:54:48.096000','2024-12-01 23:59:47.601000','2024-12-01 23:59:47.657000',0,NULL,'ClusterManagement-CleanupTmpDocuments',NULL)
INSERT INTO "system$queuedtask" VALUES(4222124651569130,4266,'Running','59651013-f9bc-4fc1-b435-276439b07899','System.ScheduledEventsQueue','ScheduledEvent',NULL,NULL,'ClusterManagement-CleanupOfflineSyncHistory','[]','99ee24aa-d2de-40cb-8676-e7ed95ba68a3',53,'2024-12-01 23:54:48.096000','2024-12-01 23:59:47.602000','2024-12-01 23:59:47.657000',0,NULL,'ClusterManagement-CleanupOfflineSyncHistory',NULL)
INSERT INTO "system$queuedtask" VALUES(4222124651569392,4267,'Running','59651013-f9bc-4fc1-b435-276439b07899','System.ScheduledEventsQueue','ScheduledEvent',NULL,NULL,'ClusterManagement-CleanupSessions','[]','99ee24aa-d2de-40cb-8676-e7ed95ba68a3',53,'2024-12-01 23:54:48.096000','2024-12-01 23:59:47.602000','2024-12-01 23:59:47.657000',0,NULL,'ClusterManagement-CleanupSessions',NULL)
INSERT INTO "system$queuedtask" VALUES(4222124651569520,4268,'Running','59651013-f9bc-4fc1-b435-276439b07899','System.ScheduledEventsQueue','ScheduledEvent',NULL,NULL,'ClusterManagement-CleanupOfflineGUIDs','[]','99ee24aa-d2de-40cb-8676-e7ed95ba68a3',53,'2024-12-01 23:54:48.096000','2024-12-01 23:59:47.602000','2024-12-01 23:59:47.657000',0,NULL,'ClusterManagement-CleanupOfflineGUIDs',NULL)
COMMIT
/*C2*/ALTER SEQUENCE PUBLIC."system$queuedtask_sequence_mxseq" RESTART WITH 4277
/*C4*/ALTER SEQUENCE PUBLIC."system$queuedtask_sequence_mxseq" RESTART WITH 4277
/*C6*/ALTER SEQUENCE PUBLIC."system$queuedtask_sequence_mxseq" RESTART WITH 4277
/*C3*/ALTER SEQUENCE PUBLIC."system$queuedtask_sequence_mxseq" RESTART WITH 4277
/*C6*/INSERT INTO "system$queuedtask" VALUES(4222124651570441,4276,'Idle','59651013-f9bc-4fc1-b435-276439b07899','System.ScheduledEventsQueue','ScheduledEvent',NULL,NULL,'ClusterManagement-CleanupSessions','[]',NULL,NULL,'2024-12-01 23:59:47.662000','2024-12-02 00:04:47.602000',NULL,0,NULL,'ClusterManagement-CleanupSessions',NULL)
INSERT INTO "system$processedqueuetask" VALUES(15481123719996555,4267,'Completed','59651013-f9bc-4fc1-b435-276439b07899','System.ScheduledEventsQueue','ScheduledEvent',NULL,NULL,'ClusterManagement-CleanupSessions','[]','99ee24aa-d2de-40cb-8676-e7ed95ba68a3',53,'2024-12-01 23:54:48.096000','2024-12-01 23:59:47.602000','2024-12-01 23:59:47.657000','2024-12-01 23:59:47.662000',5,0,NULL,'ClusterManagement-CleanupSessions',NULL)
DELETE FROM "system$queuedtask" WHERE "id"=4222124651569392
COMMIT
/*C2*/INSERT INTO "system$queuedtask" VALUES(4222124651570334,4274,'Idle','59651013-f9bc-4fc1-b435-276439b07899','System.ScheduledEventsQueue','ScheduledEvent',NULL,NULL,'ClusterManagement-CleanupOfflineGUIDs','[]',NULL,NULL,'2024-12-01 23:59:47.662000','2024-12-02 00:04:47.602000',NULL,0,NULL,'ClusterManagement-CleanupOfflineGUIDs',NULL)
INSERT INTO "system$processedqueuetask" VALUES(15481123719996274,4268,'Completed','59651013-f9bc-4fc1-b435-276439b07899','System.ScheduledEventsQueue','ScheduledEvent',NULL,NULL,'ClusterManagement-CleanupOfflineGUIDs','[]','99ee24aa-d2de-40cb-8676-e7ed95ba68a3',53,'2024-12-01 23:54:48.096000','2024-12-01 23:59:47.602000','2024-12-01 23:59:47.657000','2024-12-01 23:59:47.662000',5,0,NULL,'ClusterManagement-CleanupOfflineGUIDs',NULL)
DELETE FROM "system$queuedtask" WHERE "id"=4222124651569520
COMMIT
/*C5*/INSERT INTO "system$queuedtask" VALUES(4222124651570047,4273,'Idle','59651013-f9bc-4fc1-b435-276439b07899','System.ScheduledEventsQueue','ScheduledEvent',NULL,NULL,'ClusterManagement-CleanupTmpDocuments','[]',NULL,NULL,'2024-12-01 23:59:47.662000','2024-12-02 00:04:47.601000',NULL,0,NULL,'ClusterManagement-CleanupTmpDocuments',NULL)
INSERT INTO "system$processedqueuetask" VALUES(15481123719996442,4265,'Completed','59651013-f9bc-4fc1-b435-276439b07899','System.ScheduledEventsQueue','ScheduledEvent',NULL,NULL,'ClusterManagement-CleanupTmpDocuments','[]','99ee24aa-d2de-40cb-8676-e7ed95ba68a3',53,'2024-12-01 23:54:48.096000','2024-12-01 23:59:47.601000','2024-12-01 23:59:47.657000','2024-12-01 23:59:47.662000',5,0,NULL,'ClusterManagement-CleanupTmpDocuments',NULL)
DELETE FROM "system$queuedtask" WHERE "id"=4222124651569274
COMMIT
/*C4*/INSERT INTO "system$queuedtask" VALUES(4222124651570091,4275,'Idle','59651013-f9bc-4fc1-b435-276439b07899','System.ScheduledEventsQueue','ScheduledEvent',NULL,NULL,'ClusterManagement-CleanupBackgroundJobs','[]',NULL,NULL,'2024-12-01 23:59:47.662000','2024-12-02 00:04:47.601000',NULL,0,NULL,'ClusterManagement-CleanupBackgroundJobs',NULL)
INSERT INTO "system$processedqueuetask" VALUES(15481123719996411,4264,'Completed','59651013-f9bc-4fc1-b435-276439b07899','System.ScheduledEventsQueue','ScheduledEvent',NULL,NULL,'ClusterManagement-CleanupBackgroundJobs','[]','99ee24aa-d2de-40cb-8676-e7ed95ba68a3',53,'2024-12-01 23:54:48.096000','2024-12-01 23:59:47.601000','2024-12-01 23:59:47.657000','2024-12-01 23:59:47.662000',5,0,NULL,'ClusterManagement-CleanupBackgroundJobs',NULL)
DELETE FROM "system$queuedtask" WHERE "id"=4222124651568939
COMMIT
/*C3*/INSERT INTO "system$queuedtask" VALUES(4222124651570188,4272,'Idle','59651013-f9bc-4fc1-b435-276439b07899','System.ScheduledEventsQueue','ScheduledEvent',NULL,NULL,'ClusterManagement-CleanupOfflineSyncHistory','[]',NULL,NULL,'2024-12-01 23:59:47.662000','2024-12-02 00:04:47.602000',NULL,0,NULL,'ClusterManagement-CleanupOfflineSyncHistory',NULL)
INSERT INTO "system$processedqueuetask" VALUES(15481123719996675,4266,'Completed','59651013-f9bc-4fc1-b435-276439b07899','System.ScheduledEventsQueue','ScheduledEvent',NULL,NULL,'ClusterManagement-CleanupOfflineSyncHistory','[]','99ee24aa-d2de-40cb-8676-e7ed95ba68a3',53,'2024-12-01 23:54:48.096000','2024-12-01 23:59:47.602000','2024-12-01 23:59:47.657000','2024-12-01 23:59:47.664000',7,0,NULL,'ClusterManagement-CleanupOfflineSyncHistory',NULL)
DELETE FROM "system$queuedtask" WHERE "id"=4222124651569130
COMMIT
DELETE FROM "system$queuedtask" WHERE "id"=4222124651569573
INSERT INTO "system$queuedtask" VALUES(4222124651569573,4269,'Running','59651013-f9bc-4fc1-b435-276439b07899','System.ScheduledEventsQueue','ScheduledEvent',NULL,NULL,'ClusterManagement-UnblockUsers','[]','99ee24aa-d2de-40cb-8676-e7ed95ba68a3',53,'2024-12-01 23:54:52.175000','2024-12-01 23:59:51.602000','2024-12-01 23:59:51.687000',0,NULL,'ClusterManagement-UnblockUsers',NULL)
COMMIT
ALTER SEQUENCE PUBLIC."system$queuedtask_sequence_mxseq" RESTART WITH 4278
INSERT INTO "system$queuedtask" VALUES(4222124651570673,4277,'Idle','59651013-f9bc-4fc1-b435-276439b07899','System.ScheduledEventsQueue','ScheduledEvent',NULL,NULL,'ClusterManagement-UnblockUsers','[]',NULL,NULL,'2024-12-01 23:59:51.693000','2024-12-02 00:04:51.602000',NULL,0,NULL,'ClusterManagement-UnblockUsers',NULL)
INSERT INTO "system$processedqueuetask" VALUES(15481123719996878,4269,'Completed','59651013-f9bc-4fc1-b435-276439b07899','System.ScheduledEventsQueue','ScheduledEvent',NULL,NULL,'ClusterManagement-UnblockUsers','[]','99ee24aa-d2de-40cb-8676-e7ed95ba68a3',53,'2024-12-01 23:54:52.175000','2024-12-01 23:59:51.602000','2024-12-01 23:59:51.687000','2024-12-01 23:59:51.693000',6,0,NULL,'ClusterManagement-UnblockUsers',NULL)
DELETE FROM "system$queuedtask" WHERE "id"=4222124651569573
COMMIT
DELETE FROM "system$queuedtask" WHERE "id"=4222124651393615
DELETE FROM "system$queuedtask" WHERE "id"=4222124651556879
DELETE FROM "system$queuedtask" WHERE "id"=4222124651557050
INSERT INTO "system$queuedtask" VALUES(4222124651393615,3695,'Running','59651013-f9bc-4fc1-b435-276439b07899','System.ScheduledEventsQueue','ScheduledEvent',NULL,'DeepLink.ClearOldPendingLinks',NULL,'{}','99ee24aa-d2de-40cb-8676-e7ed95ba68a3',53,'2023-01-05 00:00:00.742000','2024-12-02 00:00:00.000000','2024-12-02 00:00:00.795000',0,NULL,'DeepLink.CleanUp',NULL)
INSERT INTO "system$queuedtask" VALUES(4222124651556879,4173,'Running','59651013-f9bc-4fc1-b435-276439b07899','System.ScheduledEventsQueue','ScheduledEvent',NULL,'MendixSSO.SE_DeleteExpiredTokens',NULL,'{}','99ee24aa-d2de-40cb-8676-e7ed95ba68a3',53,'2024-12-01 23:00:00.296000','2024-12-02 00:00:00.000000','2024-12-02 00:00:00.797000',0,NULL,'MendixSSO.DeleteExpiredTokens',NULL)
INSERT INTO "system$queuedtask" VALUES(4222124651557050,4174,'Running','59651013-f9bc-4fc1-b435-276439b07899','System.ScheduledEventsQueue','ScheduledEvent',NULL,'MendixSSO.SE_DeleteExpiredAuthRequests',NULL,'{}','99ee24aa-d2de-40cb-8676-e7ed95ba68a3',53,'2024-12-01 23:00:00.296000','2024-12-02 00:00:00.000000','2024-12-02 00:00:00.798000',0,NULL,'MendixSSO.DeleteExpiredAuthRequests',NULL)
COMMIT
DELETE FROM "mendixsystem$entityidentifier" WHERE "id"='685df5a6-1e02-49bb-a0b5-5a55c5e8313d'
INSERT INTO "mendixsystem$entityidentifier" VALUES('685df5a6-1e02-49bb-a0b5-5a55c5e8313d',19,2901)
COMMIT
/*C5*/INSERT INTO "system$scheduledeventinformation" VALUES(5348024557861357,'DeepLink.CleanUp','This event cleans up pending deeplinks that are older than the start of the previous day, that were never executed. This prevent stale links from piling up in your database.','2024-12-02 00:00:00.800000',NULL,'Running')
INSERT INTO "system$scheduledeventinformation_xasinstance" VALUES(5348024557861357,844424930746526)
COMMIT
/*C4*/INSERT INTO "system$scheduledeventinformation" VALUES(5348024557861178,'MendixSSO.DeleteExpiredAuthRequests','','2024-12-02 00:00:00.800000',NULL,'Running')
INSERT INTO "system$scheduledeventinformation_xasinstance" VALUES(5348024557861178,844424930746526)
COMMIT
/*C3*/INSERT INTO "system$scheduledeventinformation" VALUES(5348024557861064,'MendixSSO.DeleteExpiredTokens','','2024-12-02 00:00:00.800000',NULL,'Running')
INSERT INTO "system$scheduledeventinformation_xasinstance" VALUES(5348024557861064,844424930746526)
COMMIT
DELETE FROM "system$scheduledeventinformation" WHERE "id"=5348024557861357
INSERT INTO "system$scheduledeventinformation" VALUES(5348024557861357,'DeepLink.CleanUp','This event cleans up pending deeplinks that are older than the start of the previous day, that were never executed. This prevent stale links from piling up in your database.','2024-12-02 00:00:00.800000','2024-12-02 00:00:00.805000','Completed')
COMMIT
ALTER SEQUENCE PUBLIC."system$queuedtask_sequence_mxseq" RESTART WITH 4279
INSERT INTO "system$queuedtask" VALUES(4222124651570720,4278,'Idle','59651013-f9bc-4fc1-b435-276439b07899','System.ScheduledEventsQueue','ScheduledEvent',NULL,'DeepLink.ClearOldPendingLinks',NULL,'{}',NULL,NULL,'2024-12-02 00:00:00.806000','2024-12-03 00:00:00.000000',NULL,0,NULL,'DeepLink.CleanUp',NULL)
INSERT INTO "system$processedqueuetask" VALUES(15481123719996989,3695,'Completed','59651013-f9bc-4fc1-b435-276439b07899','System.ScheduledEventsQueue','ScheduledEvent',NULL,'DeepLink.ClearOldPendingLinks',NULL,'{}','99ee24aa-d2de-40cb-8676-e7ed95ba68a3',53,'2023-01-05 00:00:00.742000','2024-12-02 00:00:00.000000','2024-12-02 00:00:00.795000','2024-12-02 00:00:00.807000',12,0,NULL,'DeepLink.CleanUp',NULL)
DELETE FROM "system$queuedtask" WHERE "id"=4222124651393615
COMMIT
/*C4*/DELETE FROM "system$scheduledeventinformation" WHERE "id"=5348024557861064
INSERT INTO "system$scheduledeventinformation" VALUES(5348024557861064,'MendixSSO.DeleteExpiredTokens','','2024-12-02 00:00:00.800000','2024-12-02 00:00:00.808000','Completed')
COMMIT
/*C3*/DELETE FROM "system$scheduledeventinformation" WHERE "id"=5348024557861178
INSERT INTO "system$scheduledeventinformation" VALUES(5348024557861178,'MendixSSO.DeleteExpiredAuthRequests','','2024-12-02 00:00:00.800000','2024-12-02 00:00:00.808000','Completed')
COMMIT
ALTER SEQUENCE PUBLIC."system$queuedtask_sequence_mxseq" RESTART WITH 4281
/*C4*/ALTER SEQUENCE PUBLIC."system$queuedtask_sequence_mxseq" RESTART WITH 4281
INSERT INTO "system$queuedtask" VALUES(4222124651570883,4280,'Idle','59651013-f9bc-4fc1-b435-276439b07899','System.ScheduledEventsQueue','ScheduledEvent',NULL,'MendixSSO.SE_DeleteExpiredTokens',NULL,'{}',NULL,NULL,'2024-12-02 00:00:00.809000','2024-12-02 01:00:00.000000',NULL,0,NULL,'MendixSSO.DeleteExpiredTokens',NULL)
INSERT INTO "system$processedqueuetask" VALUES(15481123719997307,4173,'Completed','59651013-f9bc-4fc1-b435-276439b07899','System.ScheduledEventsQueue','ScheduledEvent',NULL,'MendixSSO.SE_DeleteExpiredTokens',NULL,'{}','99ee24aa-d2de-40cb-8676-e7ed95ba68a3',53,'2024-12-01 23:00:00.296000','2024-12-02 00:00:00.000000','2024-12-02 00:00:00.797000','2024-12-02 00:00:00.810000',13,0,NULL,'MendixSSO.DeleteExpiredTokens',NULL)
DELETE FROM "system$queuedtask" WHERE "id"=4222124651556879
COMMIT
/*C3*/INSERT INTO "system$queuedtask" VALUES(4222124651571051,4279,'Idle','59651013-f9bc-4fc1-b435-276439b07899','System.ScheduledEventsQueue','ScheduledEvent',NULL,'MendixSSO.SE_DeleteExpiredAuthRequests',NULL,'{}',NULL,NULL,'2024-12-02 00:00:00.809000','2024-12-02 01:00:00.000000',NULL,0,NULL,'MendixSSO.DeleteExpiredAuthRequests',NULL)
INSERT INTO "system$processedqueuetask" VALUES(15481123719997113,4174,'Completed','59651013-f9bc-4fc1-b435-276439b07899','System.ScheduledEventsQueue','ScheduledEvent',NULL,'MendixSSO.SE_DeleteExpiredAuthRequests',NULL,'{}','99ee24aa-d2de-40cb-8676-e7ed95ba68a3',53,'2024-12-01 23:00:00.296000','2024-12-02 00:00:00.000000','2024-12-02 00:00:00.798000','2024-12-02 00:00:00.810000',12,0,NULL,'MendixSSO.DeleteExpiredAuthRequests',NULL)
DELETE FROM "system$queuedtask" WHERE "id"=4222124651557050
COMMIT
DELETE FROM "system$queuedtask" WHERE "id"=4222124651569687
INSERT INTO "system$queuedtask" VALUES(4222124651569687,4270,'Running','59651013-f9bc-4fc1-b435-276439b07899','System.ScheduledEventsQueue','ScheduledEvent',NULL,NULL,'ClusterManagement-MigrateOldFiles','[]','99ee24aa-d2de-40cb-8676-e7ed95ba68a3',53,'2024-12-01 23:56:28.076000','2024-12-02 00:01:27.602000','2024-12-02 00:01:28.543000',0,NULL,'ClusterManagement-MigrateOldFiles',NULL)
COMMIT
ALTER SEQUENCE PUBLIC."system$queuedtask_sequence_mxseq" RESTART WITH 4282
INSERT INTO "system$queuedtask" VALUES(4222124651571187,4281,'Idle','59651013-f9bc-4fc1-b435-276439b07899','System.ScheduledEventsQueue','ScheduledEvent',NULL,NULL,'ClusterManagement-MigrateOldFiles','[]',NULL,NULL,'2024-12-02 00:01:28.543000','2024-12-02 00:06:27.602000',NULL,0,NULL,'ClusterManagement-MigrateOldFiles',NULL)
INSERT INTO "system$processedqueuetask" VALUES(15481123719997405,4270,'Completed','59651013-f9bc-4fc1-b435-276439b07899','System.ScheduledEventsQueue','ScheduledEvent',NULL,NULL,'ClusterManagement-MigrateOldFiles','[]','99ee24aa-d2de-40cb-8676-e7ed95ba68a3',53,'2024-12-01 23:56:28.076000','2024-12-02 00:01:27.602000','2024-12-02 00:01:28.543000','2024-12-02 00:01:28.543000',0,0,NULL,'ClusterManagement-MigrateOldFiles',NULL)
DELETE FROM "system$queuedtask" WHERE "id"=4222124651569687
COMMIT
DELETE FROM "system$session" WHERE "id"=6755399441644746
INSERT INTO "system$session" VALUES(6755399441644746,'844d8efc-de56-4808-906b-3a9924dc76f5','d0f4f994-530d-47f5-bc70-6c6d74b1a097','2024-12-02 00:02:05.973000',FALSE,'d021bd23-c14f-47d6-88ef-d90e71af1a6a',NULL,'2024-12-01 23:54:47.306000')
COMMIT
DELETE FROM "rencar$contractsearch" WHERE "id"=41939771529887888
INSERT INTO "rencar$contractsearch" VALUES(41939771529887888,'2024-12-01 03:00:00.000000','2025-01-01 02:59:59.999000',281474976723646)
COMMIT
/*C6*/DELETE FROM "system$filedocument" WHERE "id"=17451448556112076
INSERT INTO "system$filedocument" VALUES(17451448556112076,25,'ASX 2018.jpeg',FALSE,NULL,TRUE,236471,0,'48929020-7bd5-4669-b937-a761e41ad96f','2024-12-01 23:22:22.711000','2024-12-02 00:02:21.789000','MasterData.VehiclePicture',281474976723646,281474976723646)
COMMIT
DELETE FROM "system$filedocument" WHERE "id"=1125899906894053
INSERT INTO "system$filedocument" VALUES(1125899906894053,26,NULL,FALSE,NULL,TRUE,2310,0,'9406e112-e3d5-442b-aa20-78db22e0711f','2024-12-01 23:23:14.262000','2024-12-02 00:02:21.815000','System.Thumbnail',281474976723646,281474976723646)
COMMIT
/*C3*/DELETE FROM "rencar$contractsearch" WHERE "id"=41939771529887888
INSERT INTO "rencar$contractsearch" VALUES(41939771529887888,'2024-12-01 03:00:00.000000','2025-01-01 02:59:59.999000',281474976723646)
COMMIT
DELETE FROM "system$session" WHERE "id"=6755399441644746
INSERT INTO "system$session" VALUES(6755399441644746,'844d8efc-de56-4808-906b-3a9924dc76f5','d0f4f994-530d-47f5-bc70-6c6d74b1a097','2024-12-02 00:02:23.911000',FALSE,'d021bd23-c14f-47d6-88ef-d90e71af1a6a',NULL,'2024-12-01 23:54:47.306000')
COMMIT
DELETE FROM "system$queuedtask" WHERE "id"=4222124651569912
INSERT INTO "system$queuedtask" VALUES(4222124651569912,4271,'Running','59651013-f9bc-4fc1-b435-276439b07899','System.ScheduledEventsQueue','ScheduledEvent',NULL,NULL,'ClusterManagement-CleanupOrphanedFiles','[]','99ee24aa-d2de-40cb-8676-e7ed95ba68a3',53,'2024-12-01 23:58:07.880000','2024-12-02 00:03:07.602000','2024-12-02 00:03:08.387000',0,NULL,'ClusterManagement-CleanupOrphanedFiles',NULL)
COMMIT
ALTER SEQUENCE PUBLIC."system$queuedtask_sequence_mxseq" RESTART WITH 4283
INSERT INTO "system$queuedtask" VALUES(4222124651571236,4282,'Idle','59651013-f9bc-4fc1-b435-276439b07899','System.ScheduledEventsQueue','ScheduledEvent',NULL,NULL,'ClusterManagement-CleanupOrphanedFiles','[]',NULL,NULL,'2024-12-02 00:03:08.391000','2024-12-02 00:08:07.602000',NULL,0,NULL,'ClusterManagement-CleanupOrphanedFiles',NULL)
INSERT INTO "system$processedqueuetask" VALUES(15481123719997469,4271,'Completed','59651013-f9bc-4fc1-b435-276439b07899','System.ScheduledEventsQueue','ScheduledEvent',NULL,NULL,'ClusterManagement-CleanupOrphanedFiles','[]','99ee24aa-d2de-40cb-8676-e7ed95ba68a3',53,'2024-12-01 23:58:07.880000','2024-12-02 00:03:07.602000','2024-12-02 00:03:08.387000','2024-12-02 00:03:08.395000',8,0,NULL,'ClusterManagement-CleanupOrphanedFiles',NULL)
DELETE FROM "system$queuedtask" WHERE "id"=4222124651569912
COMMIT
/*C7*/DISCONNECT
/*C3*/DELETE FROM "system$xasinstance" WHERE "id"=844424930746526
INSERT INTO "system$xasinstance" VALUES(844424930746526,'99ee24aa-d2de-40cb-8676-e7ed95ba68a3','2024-12-02 00:04:47.600000',NULL,NULL,NULL,'2024-12-01 23:54:45.859000')
COMMIT
DELETE FROM "system$queuedtask" WHERE "id"=4222124651570188
DELETE FROM "system$queuedtask" WHERE "id"=4222124651570047
DELETE FROM "system$queuedtask" WHERE "id"=4222124651570334
DELETE FROM "system$queuedtask" WHERE "id"=4222124651570091
DELETE FROM "system$queuedtask" WHERE "id"=4222124651570441
INSERT INTO "system$queuedtask" VALUES(4222124651570188,4272,'Running','59651013-f9bc-4fc1-b435-276439b07899','System.ScheduledEventsQueue','ScheduledEvent',NULL,NULL,'ClusterManagement-CleanupOfflineSyncHistory','[]','99ee24aa-d2de-40cb-8676-e7ed95ba68a3',53,'2024-12-01 23:59:47.662000','2024-12-02 00:04:47.602000','2024-12-02 00:04:48.181000',0,NULL,'ClusterManagement-CleanupOfflineSyncHistory',NULL)
INSERT INTO "system$queuedtask" VALUES(4222124651570047,4273,'Running','59651013-f9bc-4fc1-b435-276439b07899','System.ScheduledEventsQueue','ScheduledEvent',NULL,NULL,'ClusterManagement-CleanupTmpDocuments','[]','99ee24aa-d2de-40cb-8676-e7ed95ba68a3',53,'2024-12-01 23:59:47.662000','2024-12-02 00:04:47.601000','2024-12-02 00:04:48.182000',0,NULL,'ClusterManagement-CleanupTmpDocuments',NULL)
INSERT INTO "system$queuedtask" VALUES(4222124651570334,4274,'Running','59651013-f9bc-4fc1-b435-276439b07899','System.ScheduledEventsQueue','ScheduledEvent',NULL,NULL,'ClusterManagement-CleanupOfflineGUIDs','[]','99ee24aa-d2de-40cb-8676-e7ed95ba68a3',53,'2024-12-01 23:59:47.662000','2024-12-02 00:04:47.602000','2024-12-02 00:04:48.183000',0,NULL,'ClusterManagement-CleanupOfflineGUIDs',NULL)
INSERT INTO "system$queuedtask" VALUES(4222124651570091,4275,'Running','59651013-f9bc-4fc1-b435-276439b07899','System.ScheduledEventsQueue','ScheduledEvent',NULL,NULL,'ClusterManagement-CleanupBackgroundJobs','[]','99ee24aa-d2de-40cb-8676-e7ed95ba68a3',53,'2024-12-01 23:59:47.662000','2024-12-02 00:04:47.601000','2024-12-02 00:04:48.183000',0,NULL,'ClusterManagement-CleanupBackgroundJobs',NULL)
INSERT INTO "system$queuedtask" VALUES(4222124651570441,4276,'Running','59651013-f9bc-4fc1-b435-276439b07899','System.ScheduledEventsQueue','ScheduledEvent',NULL,NULL,'ClusterManagement-CleanupSessions','[]','99ee24aa-d2de-40cb-8676-e7ed95ba68a3',53,'2024-12-01 23:59:47.662000','2024-12-02 00:04:47.602000','2024-12-02 00:04:48.184000',0,NULL,'ClusterManagement-CleanupSessions',NULL)
COMMIT
/*C2*/ALTER SEQUENCE PUBLIC."system$queuedtask_sequence_mxseq" RESTART WITH 4288
/*C5*/ALTER SEQUENCE PUBLIC."system$queuedtask_sequence_mxseq" RESTART WITH 4288
/*C4*/ALTER SEQUENCE PUBLIC."system$queuedtask_sequence_mxseq" RESTART WITH 4288
/*C3*/ALTER SEQUENCE PUBLIC."system$queuedtask_sequence_mxseq" RESTART WITH 4288
/*C2*/INSERT INTO "system$queuedtask" VALUES(4222124651571685,4284,'Idle','59651013-f9bc-4fc1-b435-276439b07899','System.ScheduledEventsQueue','ScheduledEvent',NULL,NULL,'ClusterManagement-CleanupOfflineGUIDs','[]',NULL,NULL,'2024-12-02 00:04:48.185000','2024-12-02 00:09:47.602000',NULL,0,NULL,'ClusterManagement-CleanupOfflineGUIDs',NULL)
INSERT INTO "system$processedqueuetask" VALUES(15481123719997585,4274,'Completed','59651013-f9bc-4fc1-b435-276439b07899','System.ScheduledEventsQueue','ScheduledEvent',NULL,NULL,'ClusterManagement-CleanupOfflineGUIDs','[]','99ee24aa-d2de-40cb-8676-e7ed95ba68a3',53,'2024-12-01 23:59:47.662000','2024-12-02 00:04:47.602000','2024-12-02 00:04:48.183000','2024-12-02 00:04:48.186000',3,0,NULL,'ClusterManagement-CleanupOfflineGUIDs',NULL)
DELETE FROM "system$queuedtask" WHERE "id"=4222124651570334
COMMIT
/*C4*/INSERT INTO "system$queuedtask" VALUES(4222124651571895,4287,'Idle','59651013-f9bc-4fc1-b435-276439b07899','System.ScheduledEventsQueue','ScheduledEvent',NULL,NULL,'ClusterManagement-CleanupSessions','[]',NULL,NULL,'2024-12-02 00:04:48.186000','2024-12-02 00:09:47.602000',NULL,0,NULL,'ClusterManagement-CleanupSessions',NULL)
INSERT INTO "system$processedqueuetask" VALUES(15481123719997742,4276,'Completed','59651013-f9bc-4fc1-b435-276439b07899','System.ScheduledEventsQueue','ScheduledEvent',NULL,NULL,'ClusterManagement-CleanupSessions','[]','99ee24aa-d2de-40cb-8676-e7ed95ba68a3',53,'2024-12-01 23:59:47.662000','2024-12-02 00:04:47.602000','2024-12-02 00:04:48.184000','2024-12-02 00:04:48.187000',3,0,NULL,'ClusterManagement-CleanupSessions',NULL)
DELETE FROM "system$queuedtask" WHERE "id"=4222124651570441
COMMIT
/*C6*/INSERT INTO "system$queuedtask" VALUES(4222124651571362,4283,'Idle','59651013-f9bc-4fc1-b435-276439b07899','System.ScheduledEventsQueue','ScheduledEvent',NULL,NULL,'ClusterManagement-CleanupOfflineSyncHistory','[]',NULL,NULL,'2024-12-02 00:04:48.185000','2024-12-02 00:09:47.602000',NULL,0,NULL,'ClusterManagement-CleanupOfflineSyncHistory',NULL)
INSERT INTO "system$processedqueuetask" VALUES(15481123719998043,4272,'Completed','59651013-f9bc-4fc1-b435-276439b07899','System.ScheduledEventsQueue','ScheduledEvent',NULL,NULL,'ClusterManagement-CleanupOfflineSyncHistory','[]','99ee24aa-d2de-40cb-8676-e7ed95ba68a3',53,'2024-12-01 23:59:47.662000','2024-12-02 00:04:47.602000','2024-12-02 00:04:48.181000','2024-12-02 00:04:48.187000',6,0,NULL,'ClusterManagement-CleanupOfflineSyncHistory',NULL)
DELETE FROM "system$queuedtask" WHERE "id"=4222124651570188
COMMIT
/*C3*/INSERT INTO "system$queuedtask" VALUES(4222124651571837,4285,'Idle','59651013-f9bc-4fc1-b435-276439b07899','System.ScheduledEventsQueue','ScheduledEvent',NULL,NULL,'ClusterManagement-CleanupBackgroundJobs','[]',NULL,NULL,'2024-12-02 00:04:48.185000','2024-12-02 00:09:47.601000',NULL,0,NULL,'ClusterManagement-CleanupBackgroundJobs',NULL)
INSERT INTO "system$processedqueuetask" VALUES(15481123719997836,4275,'Completed','59651013-f9bc-4fc1-b435-276439b07899','System.ScheduledEventsQueue','ScheduledEvent',NULL,NULL,'ClusterManagement-CleanupBackgroundJobs','[]','99ee24aa-d2de-40cb-8676-e7ed95ba68a3',53,'2024-12-01 23:59:47.662000','2024-12-02 00:04:47.601000','2024-12-02 00:04:48.183000','2024-12-02 00:04:48.187000',4,0,NULL,'ClusterManagement-CleanupBackgroundJobs',NULL)
DELETE FROM "system$queuedtask" WHERE "id"=4222124651570091
COMMIT
/*C5*/INSERT INTO "system$queuedtask" VALUES(4222124651571500,4286,'Idle','59651013-f9bc-4fc1-b435-276439b07899','System.ScheduledEventsQueue','ScheduledEvent',NULL,NULL,'ClusterManagement-CleanupTmpDocuments','[]',NULL,NULL,'2024-12-02 00:04:48.185000','2024-12-02 00:09:47.601000',NULL,0,NULL,'ClusterManagement-CleanupTmpDocuments',NULL)
INSERT INTO "system$processedqueuetask" VALUES(15481123719998093,4273,'Completed','59651013-f9bc-4fc1-b435-276439b07899','System.ScheduledEventsQueue','ScheduledEvent',NULL,NULL,'ClusterManagement-CleanupTmpDocuments','[]','99ee24aa-d2de-40cb-8676-e7ed95ba68a3',53,'2024-12-01 23:59:47.662000','2024-12-02 00:04:47.601000','2024-12-02 00:04:48.182000','2024-12-02 00:04:48.187000',5,0,NULL,'ClusterManagement-CleanupTmpDocuments',NULL)
DELETE FROM "system$queuedtask" WHERE "id"=4222124651570047
COMMIT
/*C6*/DELETE FROM "system$queuedtask" WHERE "id"=4222124651570673
INSERT INTO "system$queuedtask" VALUES(4222124651570673,4277,'Running','59651013-f9bc-4fc1-b435-276439b07899','System.ScheduledEventsQueue','ScheduledEvent',NULL,NULL,'ClusterManagement-UnblockUsers','[]','99ee24aa-d2de-40cb-8676-e7ed95ba68a3',53,'2024-12-01 23:59:51.693000','2024-12-02 00:04:51.602000','2024-12-02 00:04:52.214000',0,NULL,'ClusterManagement-UnblockUsers',NULL)
COMMIT
/*C5*/ALTER SEQUENCE PUBLIC."system$queuedtask_sequence_mxseq" RESTART WITH 4289
INSERT INTO "system$queuedtask" VALUES(4222124651572026,4288,'Idle','59651013-f9bc-4fc1-b435-276439b07899','System.ScheduledEventsQueue','ScheduledEvent',NULL,NULL,'ClusterManagement-UnblockUsers','[]',NULL,NULL,'2024-12-02 00:04:52.219000','2024-12-02 00:09:51.602000',NULL,0,NULL,'ClusterManagement-UnblockUsers',NULL)
INSERT INTO "system$processedqueuetask" VALUES(15481123719998288,4277,'Completed','59651013-f9bc-4fc1-b435-276439b07899','System.ScheduledEventsQueue','ScheduledEvent',NULL,NULL,'ClusterManagement-UnblockUsers','[]','99ee24aa-d2de-40cb-8676-e7ed95ba68a3',53,'2024-12-01 23:59:51.693000','2024-12-02 00:04:51.602000','2024-12-02 00:04:52.214000','2024-12-02 00:04:52.220000',6,0,NULL,'ClusterManagement-UnblockUsers',NULL)
DELETE FROM "system$queuedtask" WHERE "id"=4222124651570673
COMMIT
DELETE FROM "system$queuedtask" WHERE "id"=4222124651571187
INSERT INTO "system$queuedtask" VALUES(4222124651571187,4281,'Running','59651013-f9bc-4fc1-b435-276439b07899','System.ScheduledEventsQueue','ScheduledEvent',NULL,NULL,'ClusterManagement-MigrateOldFiles','[]','99ee24aa-d2de-40cb-8676-e7ed95ba68a3',53,'2024-12-02 00:01:28.543000','2024-12-02 00:06:27.602000','2024-12-02 00:06:28.033000',0,NULL,'ClusterManagement-MigrateOldFiles',NULL)
COMMIT
ALTER SEQUENCE PUBLIC."system$queuedtask_sequence_mxseq" RESTART WITH 4290
INSERT INTO "system$queuedtask" VALUES(4222124651572212,4289,'Idle','59651013-f9bc-4fc1-b435-276439b07899','System.ScheduledEventsQueue','ScheduledEvent',NULL,NULL,'ClusterManagement-MigrateOldFiles','[]',NULL,NULL,'2024-12-02 00:06:28.034000','2024-12-02 00:11:27.602000',NULL,0,NULL,'ClusterManagement-MigrateOldFiles',NULL)
INSERT INTO "system$processedqueuetask" VALUES(15481123719998348,4281,'Completed','59651013-f9bc-4fc1-b435-276439b07899','System.ScheduledEventsQueue','ScheduledEvent',NULL,NULL,'ClusterManagement-MigrateOldFiles','[]','99ee24aa-d2de-40cb-8676-e7ed95ba68a3',53,'2024-12-02 00:01:28.543000','2024-12-02 00:06:27.602000','2024-12-02 00:06:28.033000','2024-12-02 00:06:28.035000',2,0,NULL,'ClusterManagement-MigrateOldFiles',NULL)
DELETE FROM "system$queuedtask" WHERE "id"=4222124651571187
COMMIT
DELETE FROM "system$queuedtask" WHERE "id"=4222124651571236
INSERT INTO "system$queuedtask" VALUES(4222124651571236,4282,'Running','59651013-f9bc-4fc1-b435-276439b07899','System.ScheduledEventsQueue','ScheduledEvent',NULL,NULL,'ClusterManagement-CleanupOrphanedFiles','[]','99ee24aa-d2de-40cb-8676-e7ed95ba68a3',53,'2024-12-02 00:03:08.391000','2024-12-02 00:08:07.602000','2024-12-02 00:08:07.842000',0,NULL,'ClusterManagement-CleanupOrphanedFiles',NULL)
COMMIT
ALTER SEQUENCE PUBLIC."system$queuedtask_sequence_mxseq" RESTART WITH 4291
INSERT INTO "system$queuedtask" VALUES(4222124651572239,4290,'Idle','59651013-f9bc-4fc1-b435-276439b07899','System.ScheduledEventsQueue','ScheduledEvent',NULL,NULL,'ClusterManagement-CleanupOrphanedFiles','[]',NULL,NULL,'2024-12-02 00:08:07.846000','2024-12-02 00:13:07.602000',NULL,0,NULL,'ClusterManagement-CleanupOrphanedFiles',NULL)
INSERT INTO "system$processedqueuetask" VALUES(15481123719998493,4282,'Completed','59651013-f9bc-4fc1-b435-276439b07899','System.ScheduledEventsQueue','ScheduledEvent',NULL,NULL,'ClusterManagement-CleanupOrphanedFiles','[]','99ee24aa-d2de-40cb-8676-e7ed95ba68a3',53,'2024-12-02 00:03:08.391000','2024-12-02 00:08:07.602000','2024-12-02 00:08:07.842000','2024-12-02 00:08:07.846000',4,0,NULL,'ClusterManagement-CleanupOrphanedFiles',NULL)
DELETE FROM "system$queuedtask" WHERE "id"=4222124651571236
COMMIT
DELETE FROM "system$xasinstance" WHERE "id"=844424930746526
INSERT INTO "system$xasinstance" VALUES(844424930746526,'99ee24aa-d2de-40cb-8676-e7ed95ba68a3','2024-12-02 00:09:47.608000',NULL,NULL,NULL,'2024-12-01 23:54:45.859000')
COMMIT
DELETE FROM "system$queuedtask" WHERE "id"=4222124651571362
DELETE FROM "system$queuedtask" WHERE "id"=4222124651571685
DELETE FROM "system$queuedtask" WHERE "id"=4222124651571837
DELETE FROM "system$queuedtask" WHERE "id"=4222124651571500
DELETE FROM "system$queuedtask" WHERE "id"=4222124651571895
INSERT INTO "system$queuedtask" VALUES(4222124651571362,4283,'Running','59651013-f9bc-4fc1-b435-276439b07899','System.ScheduledEventsQueue','ScheduledEvent',NULL,NULL,'ClusterManagement-CleanupOfflineSyncHistory','[]','99ee24aa-d2de-40cb-8676-e7ed95ba68a3',53,'2024-12-02 00:04:48.185000','2024-12-02 00:09:47.602000','2024-12-02 00:09:47.704000',0,NULL,'ClusterManagement-CleanupOfflineSyncHistory',NULL)
INSERT INTO "system$queuedtask" VALUES(4222124651571685,4284,'Running','59651013-f9bc-4fc1-b435-276439b07899','System.ScheduledEventsQueue','ScheduledEvent',NULL,NULL,'ClusterManagement-CleanupOfflineGUIDs','[]','99ee24aa-d2de-40cb-8676-e7ed95ba68a3',53,'2024-12-02 00:04:48.185000','2024-12-02 00:09:47.602000','2024-12-02 00:09:47.704000',0,NULL,'ClusterManagement-CleanupOfflineGUIDs',NULL)
INSERT INTO "system$queuedtask" VALUES(4222124651571837,4285,'Running','59651013-f9bc-4fc1-b435-276439b07899','System.ScheduledEventsQueue','ScheduledEvent',NULL,NULL,'ClusterManagement-CleanupBackgroundJobs','[]','99ee24aa-d2de-40cb-8676-e7ed95ba68a3',53,'2024-12-02 00:04:48.185000','2024-12-02 00:09:47.601000','2024-12-02 00:09:47.706000',0,NULL,'ClusterManagement-CleanupBackgroundJobs',NULL)
INSERT INTO "system$queuedtask" VALUES(4222124651571500,4286,'Running','59651013-f9bc-4fc1-b435-276439b07899','System.ScheduledEventsQueue','ScheduledEvent',NULL,NULL,'ClusterManagement-CleanupTmpDocuments','[]','99ee24aa-d2de-40cb-8676-e7ed95ba68a3',53,'2024-12-02 00:04:48.185000','2024-12-02 00:09:47.601000','2024-12-02 00:09:47.706000',0,NULL,'ClusterManagement-CleanupTmpDocuments',NULL)
INSERT INTO "system$queuedtask" VALUES(4222124651571895,4287,'Running','59651013-f9bc-4fc1-b435-276439b07899','System.ScheduledEventsQueue','ScheduledEvent',NULL,NULL,'ClusterManagement-CleanupSessions','[]','99ee24aa-d2de-40cb-8676-e7ed95ba68a3',53,'2024-12-02 00:04:48.186000','2024-12-02 00:09:47.602000','2024-12-02 00:09:47.706000',0,NULL,'ClusterManagement-CleanupSessions',NULL)
COMMIT
/*C3*/ALTER SEQUENCE PUBLIC."system$queuedtask_sequence_mxseq" RESTART WITH 4296
/*C2*/ALTER SEQUENCE PUBLIC."system$queuedtask_sequence_mxseq" RESTART WITH 4296
/*C6*/ALTER SEQUENCE PUBLIC."system$queuedtask_sequence_mxseq" RESTART WITH 4296
/*C5*/ALTER SEQUENCE PUBLIC."system$queuedtask_sequence_mxseq" RESTART WITH 4296
/*C3*/INSERT INTO "system$queuedtask" VALUES(4222124651572528,4292,'Idle','59651013-f9bc-4fc1-b435-276439b07899','System.ScheduledEventsQueue','ScheduledEvent',NULL,NULL,'ClusterManagement-CleanupOfflineSyncHistory','[]',NULL,NULL,'2024-12-02 00:09:47.708000','2024-12-02 00:14:47.602000',NULL,0,NULL,'ClusterManagement-CleanupOfflineSyncHistory',NULL)
INSERT INTO "system$processedqueuetask" VALUES(15481123719998604,4283,'Completed','59651013-f9bc-4fc1-b435-276439b07899','System.ScheduledEventsQueue','ScheduledEvent',NULL,NULL,'ClusterManagement-CleanupOfflineSyncHistory','[]','99ee24aa-d2de-40cb-8676-e7ed95ba68a3',53,'2024-12-02 00:04:48.185000','2024-12-02 00:09:47.602000','2024-12-02 00:09:47.704000','2024-12-02 00:09:47.708000',4,0,NULL,'ClusterManagement-CleanupOfflineSyncHistory',NULL)
DELETE FROM "system$queuedtask" WHERE "id"=4222124651571362
COMMIT
/*C6*/INSERT INTO "system$queuedtask" VALUES(4222124651572919,4295,'Idle','59651013-f9bc-4fc1-b435-276439b07899','System.ScheduledEventsQueue','ScheduledEvent',NULL,NULL,'ClusterManagement-CleanupSessions','[]',NULL,NULL,'2024-12-02 00:09:47.708000','2024-12-02 00:14:47.602000',NULL,0,NULL,'ClusterManagement-CleanupSessions',NULL)
INSERT INTO "system$processedqueuetask" VALUES(15481123719998850,4287,'Completed','59651013-f9bc-4fc1-b435-276439b07899','System.ScheduledEventsQueue','ScheduledEvent',NULL,NULL,'ClusterManagement-CleanupSessions','[]','99ee24aa-d2de-40cb-8676-e7ed95ba68a3',53,'2024-12-02 00:04:48.186000','2024-12-02 00:09:47.602000','2024-12-02 00:09:47.706000','2024-12-02 00:09:47.708000',2,0,NULL,'ClusterManagement-CleanupSessions',NULL)
DELETE FROM "system$queuedtask" WHERE "id"=4222124651571895
COMMIT
/*C5*/INSERT INTO "system$queuedtask" VALUES(4222124651572769,4293,'Idle','59651013-f9bc-4fc1-b435-276439b07899','System.ScheduledEventsQueue','ScheduledEvent',NULL,NULL,'ClusterManagement-CleanupOfflineGUIDs','[]',NULL,NULL,'2024-12-02 00:09:47.708000','2024-12-02 00:14:47.602000',NULL,0,NULL,'ClusterManagement-CleanupOfflineGUIDs',NULL)
INSERT INTO "system$processedqueuetask" VALUES(15481123719999044,4284,'Completed','59651013-f9bc-4fc1-b435-276439b07899','System.ScheduledEventsQueue','ScheduledEvent',NULL,NULL,'ClusterManagement-CleanupOfflineGUIDs','[]','99ee24aa-d2de-40cb-8676-e7ed95ba68a3',53,'2024-12-02 00:04:48.185000','2024-12-02 00:09:47.602000','2024-12-02 00:09:47.704000','2024-12-02 00:09:47.708000',4,0,NULL,'ClusterManagement-CleanupOfflineGUIDs',NULL)
DELETE FROM "system$queuedtask" WHERE "id"=4222124651571685
COMMIT
/*C2*/INSERT INTO "system$queuedtask" VALUES(4222124651572405,4294,'Idle','59651013-f9bc-4fc1-b435-276439b07899','System.ScheduledEventsQueue','ScheduledEvent',NULL,NULL,'ClusterManagement-CleanupBackgroundJobs','[]',NULL,NULL,'2024-12-02 00:09:47.708000','2024-12-02 00:14:47.601000',NULL,0,NULL,'ClusterManagement-CleanupBackgroundJobs',NULL)
INSERT INTO "system$processedqueuetask" VALUES(15481123719998739,4285,'Completed','59651013-f9bc-4fc1-b435-276439b07899','System.ScheduledEventsQueue','ScheduledEvent',NULL,NULL,'ClusterManagement-CleanupBackgroundJobs','[]','99ee24aa-d2de-40cb-8676-e7ed95ba68a3',53,'2024-12-02 00:04:48.185000','2024-12-02 00:09:47.601000','2024-12-02 00:09:47.706000','2024-12-02 00:09:47.708000',2,0,NULL,'ClusterManagement-CleanupBackgroundJobs',NULL)
DELETE FROM "system$queuedtask" WHERE "id"=4222124651571837
COMMIT
/*C6*/INSERT INTO "system$queuedtask" VALUES(4222124651572661,4291,'Idle','59651013-f9bc-4fc1-b435-276439b07899','System.ScheduledEventsQueue','ScheduledEvent',NULL,NULL,'ClusterManagement-CleanupTmpDocuments','[]',NULL,NULL,'2024-12-02 00:09:47.708000','2024-12-02 00:14:47.601000',NULL,0,NULL,'ClusterManagement-CleanupTmpDocuments',NULL)
INSERT INTO "system$processedqueuetask" VALUES(15481123719999165,4286,'Completed','59651013-f9bc-4fc1-b435-276439b07899','System.ScheduledEventsQueue','ScheduledEvent',NULL,NULL,'ClusterManagement-CleanupTmpDocuments','[]','99ee24aa-d2de-40cb-8676-e7ed95ba68a3',53,'2024-12-02 00:04:48.185000','2024-12-02 00:09:47.601000','2024-12-02 00:09:47.706000','2024-12-02 00:09:47.708000',2,0,NULL,'ClusterManagement-CleanupTmpDocuments',NULL)
DELETE FROM "system$queuedtask" WHERE "id"=4222124651571500
COMMIT
DELETE FROM "system$queuedtask" WHERE "id"=4222124651572026
INSERT INTO "system$queuedtask" VALUES(4222124651572026,4288,'Running','59651013-f9bc-4fc1-b435-276439b07899','System.ScheduledEventsQueue','ScheduledEvent',NULL,NULL,'ClusterManagement-UnblockUsers','[]','99ee24aa-d2de-40cb-8676-e7ed95ba68a3',53,'2024-12-02 00:04:52.219000','2024-12-02 00:09:51.602000','2024-12-02 00:09:51.739000',0,NULL,'ClusterManagement-UnblockUsers',NULL)
COMMIT
ALTER SEQUENCE PUBLIC."system$queuedtask_sequence_mxseq" RESTART WITH 4297
INSERT INTO "system$queuedtask" VALUES(4222124651573104,4296,'Idle','59651013-f9bc-4fc1-b435-276439b07899','System.ScheduledEventsQueue','ScheduledEvent',NULL,NULL,'ClusterManagement-UnblockUsers','[]',NULL,NULL,'2024-12-02 00:09:51.739000','2024-12-02 00:14:51.602000',NULL,0,NULL,'ClusterManagement-UnblockUsers',NULL)
INSERT INTO "system$processedqueuetask" VALUES(15481123719999254,4288,'Completed','59651013-f9bc-4fc1-b435-276439b07899','System.ScheduledEventsQueue','ScheduledEvent',NULL,NULL,'ClusterManagement-UnblockUsers','[]','99ee24aa-d2de-40cb-8676-e7ed95ba68a3',53,'2024-12-02 00:04:52.219000','2024-12-02 00:09:51.602000','2024-12-02 00:09:51.739000','2024-12-02 00:09:51.739000',0,0,NULL,'ClusterManagement-UnblockUsers',NULL)
DELETE FROM "system$queuedtask" WHERE "id"=4222124651572026
COMMIT
DELETE FROM "system$session" WHERE "id"=6755399441644746
INSERT INTO "system$session" VALUES(6755399441644746,'844d8efc-de56-4808-906b-3a9924dc76f5','d0f4f994-530d-47f5-bc70-6c6d74b1a097','2024-12-02 00:10:27.523000',FALSE,'d021bd23-c14f-47d6-88ef-d90e71af1a6a',NULL,'2024-12-01 23:54:47.306000')
COMMIT
DELETE FROM "system$queuedtask" WHERE "id"=4222124651572212
INSERT INTO "system$queuedtask" VALUES(4222124651572212,4289,'Running','59651013-f9bc-4fc1-b435-276439b07899','System.ScheduledEventsQueue','ScheduledEvent',NULL,NULL,'ClusterManagement-MigrateOldFiles','[]','99ee24aa-d2de-40cb-8676-e7ed95ba68a3',53,'2024-12-02 00:06:28.034000','2024-12-02 00:11:27.602000','2024-12-02 00:11:28.471000',0,NULL,'ClusterManagement-MigrateOldFiles',NULL)
COMMIT
ALTER SEQUENCE PUBLIC."system$queuedtask_sequence_mxseq" RESTART WITH 4298
INSERT INTO "system$queuedtask" VALUES(4222124651573122,4297,'Idle','59651013-f9bc-4fc1-b435-276439b07899','System.ScheduledEventsQueue','ScheduledEvent',NULL,NULL,'ClusterManagement-MigrateOldFiles','[]',NULL,NULL,'2024-12-02 00:11:28.471000','2024-12-02 00:16:27.602000',NULL,0,NULL,'ClusterManagement-MigrateOldFiles',NULL)
INSERT INTO "system$processedqueuetask" VALUES(15481123719999435,4289,'Completed','59651013-f9bc-4fc1-b435-276439b07899','System.ScheduledEventsQueue','ScheduledEvent',NULL,NULL,'ClusterManagement-MigrateOldFiles','[]','99ee24aa-d2de-40cb-8676-e7ed95ba68a3',53,'2024-12-02 00:06:28.034000','2024-12-02 00:11:27.602000','2024-12-02 00:11:28.471000','2024-12-02 00:11:28.471000',0,0,NULL,'ClusterManagement-MigrateOldFiles',NULL)
DELETE FROM "system$queuedtask" WHERE "id"=4222124651572212
COMMIT
